<?xml version="1.0" encoding="UTF-8"?>
<!-- Generated by org.testng.reporters.JUnitXMLReporter -->
<testsuite ignored="16" hostname="DESKTOP-ULV4RC9" failures="0" tests="9" name="Test" time="569.671" errors="0" timestamp="24 Jun 2021 18:16:43 GMT">
  <testcase classname="com.acttitime.generics.Basetest" name="@AfterMethod logoutFromApp" time="1.606">
    <failure type="org.openqa.selenium.ElementClickInterceptedException" message="element click intercepted: Element &amp;lt;a href=&amp;quot;/logout.do&amp;quot; id=&amp;quot;logoutLink&amp;quot; class=&amp;quot;logout&amp;quot;&amp;gt;...&amp;lt;/a&amp;gt; is not clickable at point (1309, 17). Other element would receive the click: &amp;lt;div class=&amp;quot;loadingMoire anim-fade-out&amp;quot; style=&amp;quot;display: flex;&amp;quot;&amp;gt;...&amp;lt;/div&amp;gt;
  (Session info: chrome=91.0.4472.114)
Build info: version: &amp;apos;4.0.0-alpha-7&amp;apos;, revision: &amp;apos;de8579b6d5&amp;apos;
System info: host: &amp;apos;DESKTOP-ULV4RC9&amp;apos;, ip: &amp;apos;192.168.43.231&amp;apos;, os.name: &amp;apos;Windows 10&amp;apos;, os.arch: &amp;apos;amd64&amp;apos;, os.version: &amp;apos;10.0&amp;apos;, java.version: &amp;apos;15.0.2&amp;apos;
Driver info: org.openqa.selenium.chrome.ChromeDriver
Capabilities {acceptInsecureCerts: false, browserName: chrome, browserVersion: 91.0.4472.114, chrome: {chromedriverVersion: 91.0.4472.101 (af52a90bf870..., userDataDir: C:\Users\SIDHARTH\AppData\L...}, goog:chromeOptions: {debuggerAddress: localhost:56403}, javascriptEnabled: true, networkConnectionEnabled: false, pageLoadStrategy: normal, platform: WINDOWS, platformName: WINDOWS, proxy: Proxy(), setWindowRect: true, strictFileInteractability: false, timeouts: {implicit: 0, pageLoad: 300000, script: 30000}, unhandledPromptBehavior: dismiss and notify, webauthn:extension:largeBlob: true, webauthn:virtualAuthenticators: true}
Session ID: 0b205f6ba8a3c972439cf6edc6c571b5">
      <![CDATA[org.openqa.selenium.ElementClickInterceptedException: element click intercepted: Element <a href="/logout.do" id="logoutLink" class="logout">...</a> is not clickable at point (1309, 17). Other element would receive the click: <div class="loadingMoire anim-fade-out" style="display: flex;">...</div>
  (Session info: chrome=91.0.4472.114)
Build info: version: '4.0.0-alpha-7', revision: 'de8579b6d5'
System info: host: 'DESKTOP-ULV4RC9', ip: '192.168.43.231', os.name: 'Windows 10', os.arch: 'amd64', os.version: '10.0', java.version: '15.0.2'
Driver info: org.openqa.selenium.chrome.ChromeDriver
Capabilities {acceptInsecureCerts: false, browserName: chrome, browserVersion: 91.0.4472.114, chrome: {chromedriverVersion: 91.0.4472.101 (af52a90bf870..., userDataDir: C:\Users\SIDHARTH\AppData\L...}, goog:chromeOptions: {debuggerAddress: localhost:56403}, javascriptEnabled: true, networkConnectionEnabled: false, pageLoadStrategy: normal, platform: WINDOWS, platformName: WINDOWS, proxy: Proxy(), setWindowRect: true, strictFileInteractability: false, timeouts: {implicit: 0, pageLoad: 300000, script: 30000}, unhandledPromptBehavior: dismiss and notify, webauthn:extension:largeBlob: true, webauthn:virtualAuthenticators: true}
Session ID: 0b205f6ba8a3c972439cf6edc6c571b5
at org.openqa.selenium.remote.codec.w3c.W3CHttpResponseCodec.createException(W3CHttpResponseCodec.java:196)
at org.openqa.selenium.remote.codec.w3c.W3CHttpResponseCodec.decode(W3CHttpResponseCodec.java:129)
at org.openqa.selenium.remote.codec.w3c.W3CHttpResponseCodec.decode(W3CHttpResponseCodec.java:53)
at org.openqa.selenium.remote.HttpCommandExecutor.execute(HttpCommandExecutor.java:167)
at org.openqa.selenium.remote.service.DriverCommandExecutor.execute(DriverCommandExecutor.java:123)
at org.openqa.selenium.remote.RemoteWebDriver.execute(RemoteWebDriver.java:501)
at org.openqa.selenium.remote.RemoteWebElement.execute(RemoteWebElement.java:238)
at org.openqa.selenium.remote.RemoteWebElement.click(RemoteWebElement.java:79)
at org.openqa.selenium.support.pagefactory.internal.LocatingElementHandler.invoke(LocatingElementHandler.java:52)
at com.sun.proxy.$Proxy20.click(Unknown Source)
at com.actitime.pom.Home_page.logoutmethod(Home_page.java:84)
at com.acttitime.generics.Basetest.logoutFromApp(Basetest.java:48)
... Removed 37 stack frames]]>
    </failure>
  </testcase> <!-- @AfterMethod logoutFromApp -->
  <testcase classname="com.acttitime.generics.Basetest" name="@AfterClass teardown" time="0.0">
    <skipped/>
  </testcase> <!-- @AfterClass teardown -->
  <testcase classname="com.actitime.test.Test_login" name="login" time="0.008"/>
  <testcase classname="com.actitime.test.Test_createcustomer" name="createacustomer" time="19.442"/>
  <testcase classname="com.actitime.test.Test_deletecustomer" name="deleteacustomer" time="22.309"/>
  <testcase classname="com.actitime.test.Test_creatework" name="createawork" time="22.702"/>
  <testcase classname="com.actitime.test.Test_editwork" name="editawork" time="44.603"/>
  <testcase classname="com.actitime.test.Test_deletework" name="deleteawork" time="17.25"/>
  <testcase classname="com.actitime.test.Test_createLeave" name="createaleave" time="12.877"/>
  <testcase classname="com.actitime.test.Test_editLeave" name="editaleave" time="15.739"/>
  <testcase classname="com.actitime.test.Test_deleteLeave" name="deletealeave" time="11.959"/>
  <testcase classname="com.acttitime.generics.Basetest" name="@AfterSuite executionComp" time="0.0">
    <ignored/>
  </testcase> <!-- @AfterSuite executionComp -->
  <testcase classname="com.acttitime.generics.Basetest" name="@AfterSuite executionComp" time="0.0">
    <ignored/>
  </testcase> <!-- @AfterSuite executionComp -->
  <testcase classname="com.acttitime.generics.Basetest" name="@AfterSuite executionComp" time="0.0">
    <ignored/>
  </testcase> <!-- @AfterSuite executionComp -->
  <testcase classname="com.acttitime.generics.Basetest" name="@AfterSuite executionComp" time="0.0">
    <ignored/>
  </testcase> <!-- @AfterSuite executionComp -->
  <testcase classname="com.acttitime.generics.Basetest" name="@AfterSuite executionComp" time="0.0">
    <ignored/>
  </testcase> <!-- @AfterSuite executionComp -->
  <testcase classname="com.acttitime.generics.Basetest" name="@AfterSuite executionComp" time="0.0">
    <ignored/>
  </testcase> <!-- @AfterSuite executionComp -->
  <testcase classname="com.acttitime.generics.Basetest" name="@AfterSuite executionComp" time="0.0">
    <ignored/>
  </testcase> <!-- @AfterSuite executionComp -->
  <testcase classname="com.acttitime.generics.Basetest" name="@AfterSuite executionComp" time="0.0">
    <ignored/>
  </testcase> <!-- @AfterSuite executionComp -->
  <testcase classname="com.acttitime.generics.Basetest" name="@BeforeSuite executionStart" time="0.0">
    <ignored/>
  </testcase> <!-- @BeforeSuite executionStart -->
  <testcase classname="com.acttitime.generics.Basetest" name="@BeforeSuite executionStart" time="0.0">
    <ignored/>
  </testcase> <!-- @BeforeSuite executionStart -->
  <testcase classname="com.acttitime.generics.Basetest" name="@BeforeSuite executionStart" time="0.0">
    <ignored/>
  </testcase> <!-- @BeforeSuite executionStart -->
  <testcase classname="com.acttitime.generics.Basetest" name="@BeforeSuite executionStart" time="0.0">
    <ignored/>
  </testcase> <!-- @BeforeSuite executionStart -->
  <testcase classname="com.acttitime.generics.Basetest" name="@BeforeSuite executionStart" time="0.0">
    <ignored/>
  </testcase> <!-- @BeforeSuite executionStart -->
  <testcase classname="com.acttitime.generics.Basetest" name="@BeforeSuite executionStart" time="0.0">
    <ignored/>
  </testcase> <!-- @BeforeSuite executionStart -->
  <testcase classname="com.acttitime.generics.Basetest" name="@BeforeSuite executionStart" time="0.0">
    <ignored/>
  </testcase> <!-- @BeforeSuite executionStart -->
  <testcase classname="com.acttitime.generics.Basetest" name="@BeforeSuite executionStart" time="0.0">
    <ignored/>
  </testcase> <!-- @BeforeSuite executionStart -->
</testsuite> <!-- Test -->
